#! /cs/local/bin/vvp
:ivl_version "10.0 (stable)" "(v10_0)";
:ivl_delay_selection "TYPICAL";
:vpi_time_precision + 0;
:vpi_module "system";
:vpi_module "vhdl_sys";
:vpi_module "v2005_math";
:vpi_module "va_math";
S_0xf1d410 .scope module, "labK" "labK" 2 1;
 .timescale 0 0;
v0xf1d590_0 .var "x", 31 0;
v0xf5c7d0_0 .var "y", 31 0;
v0xf5c8b0_0 .var "z", 31 0;
    .scope S_0xf1d410;
T_0 ;
    %pushi/vec4 0, 0, 32;
    %store/vec4 v0xf1d590_0, 0, 32;
    %pushi/vec4 0, 0, 32;
    %store/vec4 v0xf5c7d0_0, 0, 32;
    %pushi/vec4 0, 0, 32;
    %store/vec4 v0xf5c8b0_0, 0, 32;
    %delay 1, 0;
    %delay 1, 0;
    %delay 1, 0;
    %delay 10, 0;
    %pushi/vec4 5, 0, 32;
    %store/vec4 v0xf1d590_0, 0, 32;
    %delay 10, 0;
    %load/vec4 v0xf1d590_0;
    %addi 1, 0, 32;
    %store/vec4 v0xf5c7d0_0, 0, 32;
    %delay 10, 0;
    %load/vec4 v0xf5c7d0_0;
    %addi 1, 0, 32;
    %store/vec4 v0xf5c8b0_0, 0, 32;
    %delay 1, 0;
    %vpi_call 2 24 "$finish" {0 0 0};
    %end;
    .thread T_0;
    .scope S_0xf1d410;
T_1 ;
    %vpi_call 2 30 "$monitor", "%3d=> x=%1d y=%1d z=%1d", $time, v0xf1d590_0, v0xf5c7d0_0, v0xf5c8b0_0 {0 0 0};
    %end;
    .thread T_1;
# The file index is used to find the file name in the following table.
:file_names 3;
    "N/A";
    "<interactive>";
    "LabK2d.v";
