#! /cs/local/bin/vvp
:ivl_version "10.0 (stable)" "(v10_0)";
:ivl_delay_selection "TYPICAL";
:vpi_time_precision + 0;
:vpi_module "system";
:vpi_module "vhdl_sys";
:vpi_module "v2005_math";
:vpi_module "va_math";
S_0x1ddb590 .scope module, "labK" "labK" 2 1;
 .timescale 0 0;
L_0x1e26410 .functor XOR 1, v0x1ddb7c0_0, v0x1e25a20_0, C4<0>, C4<0>;
L_0x1e26500 .functor XOR 1, L_0x1e26410, v0x1e25ae0_0, C4<0>, C4<0>;
L_0x1e265a0 .functor AND 1, v0x1ddb7c0_0, v0x1e25a20_0, C4<1>, C4<1>;
L_0x1e266e0 .functor AND 1, v0x1e25ae0_0, L_0x1e26410, C4<1>, C4<1>;
L_0x1e267a0 .functor OR 1, L_0x1e266e0, L_0x1e265a0, C4<0>, C4<0>;
v0x1ddb7c0_0 .var "a", 0 0;
v0x1e25a20_0 .var "b", 0 0;
v0x1e25ae0_0 .var "c", 0 0;
v0x1e25bb0_0 .net "cout", 0 0, L_0x1e267a0;  1 drivers
v0x1e25c90_0 .var "expect", 1 0;
v0x1e25dc0_0 .var/i "i", 31 0;
v0x1e25ea0_0 .var/i "j", 31 0;
v0x1e25f80_0 .var/i "k", 31 0;
v0x1e26060_0 .net "p1", 0 0, L_0x1e26410;  1 drivers
v0x1e261b0_0 .net "p2", 0 0, L_0x1e265a0;  1 drivers
v0x1e26270_0 .net "p3", 0 0, L_0x1e266e0;  1 drivers
v0x1e26330_0 .net "z", 0 0, L_0x1e26500;  1 drivers
    .scope S_0x1ddb590;
T_0 ;
    %pushi/vec4 0, 0, 32;
    %store/vec4 v0x1e25dc0_0, 0, 32;
T_0.0 ;
    %load/vec4 v0x1e25dc0_0;
    %cmpi/s 2, 0, 32;
    %jmp/0xz T_0.1, 5;
    %pushi/vec4 0, 0, 32;
    %store/vec4 v0x1e25ea0_0, 0, 32;
T_0.2 ;
    %load/vec4 v0x1e25ea0_0;
    %cmpi/s 2, 0, 32;
    %jmp/0xz T_0.3, 5;
    %pushi/vec4 0, 0, 32;
    %store/vec4 v0x1e25f80_0, 0, 32;
T_0.4 ;
    %load/vec4 v0x1e25f80_0;
    %cmpi/s 2, 0, 32;
    %jmp/0xz T_0.5, 5;
    %load/vec4 v0x1e25dc0_0;
    %pad/s 1;
    %store/vec4 v0x1ddb7c0_0, 0, 1;
    %load/vec4 v0x1e25ea0_0;
    %pad/s 1;
    %store/vec4 v0x1e25a20_0, 0, 1;
    %load/vec4 v0x1e25f80_0;
    %pad/s 1;
    %store/vec4 v0x1e25ae0_0, 0, 1;
    %load/vec4 v0x1ddb7c0_0;
    %load/vec4 v0x1e25a20_0;
    %xor;
    %load/vec4 v0x1e25ae0_0;
    %and;
    %load/vec4 v0x1ddb7c0_0;
    %load/vec4 v0x1e25a20_0;
    %and;
    %or;
    %ix/load 4, 1, 0;
    %flag_set/imm 4, 0;
    %store/vec4 v0x1e25c90_0, 4, 1;
    %load/vec4 v0x1ddb7c0_0;
    %load/vec4 v0x1e25a20_0;
    %xor;
    %load/vec4 v0x1e25ae0_0;
    %xor;
    %ix/load 4, 0, 0;
    %flag_set/imm 4, 0;
    %store/vec4 v0x1e25c90_0, 4, 1;
    %delay 1, 0;
    %load/vec4 v0x1e25c90_0;
    %parti/s 1, 0, 2;
    %load/vec4 v0x1e26330_0;
    %cmp/e;
    %flag_get/vec4 6;
    %load/vec4 v0x1e25c90_0;
    %parti/s 1, 1, 2;
    %load/vec4 v0x1e25bb0_0;
    %cmp/e;
    %flag_get/vec4 6;
    %and;
    %flag_set/vec4 8;
    %jmp/0xz  T_0.6, 8;
    %vpi_call 2 32 "$display", "PASS: a=%b b=%b c=%b \011\011cout=%b z=%b -->%b", v0x1ddb7c0_0, v0x1e25a20_0, v0x1e25ae0_0, v0x1e25bb0_0, v0x1e26330_0, v0x1e25c90_0 {0 0 0};
    %jmp T_0.7;
T_0.6 ;
    %vpi_call 2 36 "$display", "FAIL: a=%b b=%b c=%b \011\011cout=%b z=%b -->%b", v0x1ddb7c0_0, v0x1e25a20_0, v0x1e25ae0_0, v0x1e25bb0_0, v0x1e26330_0, v0x1e25c90_0 {0 0 0};
T_0.7 ;
    %load/vec4 v0x1e25f80_0;
    %pushi/vec4 1, 0, 32;
    %add;
    %store/vec4 v0x1e25f80_0, 0, 32;
    %jmp T_0.4;
T_0.5 ;
    %load/vec4 v0x1e25ea0_0;
    %pushi/vec4 1, 0, 32;
    %add;
    %store/vec4 v0x1e25ea0_0, 0, 32;
    %jmp T_0.2;
T_0.3 ;
    %load/vec4 v0x1e25dc0_0;
    %pushi/vec4 1, 0, 32;
    %add;
    %store/vec4 v0x1e25dc0_0, 0, 32;
    %jmp T_0.0;
T_0.1 ;
    %vpi_call 2 41 "$finish" {0 0 0};
    %end;
    .thread T_0;
# The file index is used to find the file name in the following table.
:file_names 3;
    "N/A";
    "<interactive>";
    "LabK9.v";
