#! /cs/local/bin/vvp
:ivl_version "10.0 (stable)" "(v10_0)";
:ivl_delay_selection "TYPICAL";
:vpi_time_precision + 0;
:vpi_module "system";
:vpi_module "vhdl_sys";
:vpi_module "v2005_math";
:vpi_module "va_math";
S_0xdb7940 .scope module, "labK" "labK" 2 1;
 .timescale 0 0;
L_0xe00050 .functor XOR 1, v0xdb7ac0_0, v0xdff660_0, C4<0>, C4<0>;
L_0xe00140 .functor XOR 1, L_0xe00050, v0xdff720_0, C4<0>, C4<0>;
L_0xe001e0 .functor AND 1, v0xdb7ac0_0, v0xdff660_0, C4<1>, C4<1>;
L_0xe00320 .functor AND 1, v0xdff720_0, L_0xe00050, C4<1>, C4<1>;
L_0xe003e0 .functor OR 1, L_0xe00320, L_0xe001e0, C4<0>, C4<0>;
v0xdb7ac0_0 .var "a", 0 0;
v0xdff660_0 .var "b", 0 0;
v0xdff720_0 .var "c", 0 0;
v0xdff7f0_0 .net "cout", 0 0, L_0xe003e0;  1 drivers
v0xdff8d0_0 .var "expect", 1 0;
v0xdffa00_0 .var/i "i", 31 0;
v0xdffae0_0 .var/i "j", 31 0;
v0xdffbc0_0 .var/i "k", 31 0;
v0xdffca0_0 .net "p1", 0 0, L_0xe00050;  1 drivers
v0xdffdf0_0 .net "p2", 0 0, L_0xe001e0;  1 drivers
v0xdffeb0_0 .net "p3", 0 0, L_0xe00320;  1 drivers
v0xdfff70_0 .net "z", 0 0, L_0xe00140;  1 drivers
    .scope S_0xdb7940;
T_0 ;
    %pushi/vec4 0, 0, 32;
    %store/vec4 v0xdffa00_0, 0, 32;
T_0.0 ;
    %load/vec4 v0xdffa00_0;
    %cmpi/s 2, 0, 32;
    %jmp/0xz T_0.1, 5;
    %pushi/vec4 0, 0, 32;
    %store/vec4 v0xdffae0_0, 0, 32;
T_0.2 ;
    %load/vec4 v0xdffae0_0;
    %cmpi/s 2, 0, 32;
    %jmp/0xz T_0.3, 5;
    %pushi/vec4 0, 0, 32;
    %store/vec4 v0xdffbc0_0, 0, 32;
T_0.4 ;
    %load/vec4 v0xdffbc0_0;
    %cmpi/s 2, 0, 32;
    %jmp/0xz T_0.5, 5;
    %load/vec4 v0xdffa00_0;
    %pad/s 1;
    %store/vec4 v0xdb7ac0_0, 0, 1;
    %load/vec4 v0xdffae0_0;
    %pad/s 1;
    %store/vec4 v0xdff660_0, 0, 1;
    %load/vec4 v0xdffbc0_0;
    %pad/s 1;
    %store/vec4 v0xdff720_0, 0, 1;
    %load/vec4 v0xdb7ac0_0;
    %load/vec4 v0xdff660_0;
    %xor;
    %load/vec4 v0xdff720_0;
    %and;
    %load/vec4 v0xdb7ac0_0;
    %load/vec4 v0xdff660_0;
    %and;
    %or;
    %ix/load 4, 1, 0;
    %flag_set/imm 4, 0;
    %store/vec4 v0xdff8d0_0, 4, 1;
    %load/vec4 v0xdb7ac0_0;
    %load/vec4 v0xdff660_0;
    %xor;
    %load/vec4 v0xdff720_0;
    %xor;
    %ix/load 4, 0, 0;
    %flag_set/imm 4, 0;
    %store/vec4 v0xdff8d0_0, 4, 1;
    %delay 1, 0;
    %load/vec4 v0xdff8d0_0;
    %parti/s 1, 0, 2;
    %load/vec4 v0xdfff70_0;
    %cmp/e;
    %flag_get/vec4 6;
    %load/vec4 v0xdff8d0_0;
    %parti/s 1, 1, 2;
    %load/vec4 v0xdff7f0_0;
    %cmp/e;
    %flag_get/vec4 6;
    %and;
    %flag_set/vec4 8;
    %jmp/0xz  T_0.6, 8;
    %vpi_call 2 31 "$display", "PASS: a=%b b=%b c=%b \011\011cout=%b z=%b -->%b", v0xdb7ac0_0, v0xdff660_0, v0xdff720_0, v0xdff7f0_0, v0xdfff70_0, v0xdff8d0_0 {0 0 0};
    %jmp T_0.7;
T_0.6 ;
    %vpi_call 2 35 "$display", "FAIL: a=%b b=%b c=%b \011\011cout=%b z=%b -->%b", v0xdb7ac0_0, v0xdff660_0, v0xdff720_0, v0xdff7f0_0, v0xdfff70_0, v0xdff8d0_0 {0 0 0};
T_0.7 ;
    %load/vec4 v0xdffbc0_0;
    %pushi/vec4 1, 0, 32;
    %add;
    %store/vec4 v0xdffbc0_0, 0, 32;
    %jmp T_0.4;
T_0.5 ;
    %load/vec4 v0xdffae0_0;
    %pushi/vec4 1, 0, 32;
    %add;
    %store/vec4 v0xdffae0_0, 0, 32;
    %jmp T_0.2;
T_0.3 ;
    %load/vec4 v0xdffa00_0;
    %pushi/vec4 1, 0, 32;
    %add;
    %store/vec4 v0xdffa00_0, 0, 32;
    %jmp T_0.0;
T_0.1 ;
    %vpi_call 2 40 "$finish" {0 0 0};
    %end;
    .thread T_0;
# The file index is used to find the file name in the following table.
:file_names 3;
    "N/A";
    "<interactive>";
    "LabK9a.v";
